# JRE version: Java(TM) SE Runtime Environment (8.0_101-b13) (build 1.8.0_101-b13)
# Java VM: Java HotSpot(TM) 64-Bit Server VM (25.101-b13 mixed mode bsd-amd64 compressed oops)
Heap:
 PSYoungGen      total 229888K, used 186663K [0x00000007b0000000, 0x00000007c0000000, 0x00000007c0000000)
  eden space 197632K, 91% used [0x00000007b0000000,0x00000007bb0a1138,0x00000007bc100000)
  from space 32256K, 17% used [0x00000007be080000,0x00000007be628b08,0x00000007c0000000)
  to   space 32256K, 0% used [0x00000007bc100000,0x00000007bc100000,0x00000007be080000)
 ParOldGen       total 524288K, used 75134K [0x0000000790000000, 0x00000007b0000000, 0x00000007b0000000)
  object space 524288K, 14% used [0x0000000790000000,0x000000079495f9e8,0x00000007b0000000)
 Metaspace       used 61450K, capacity 62806K, committed 63064K, reserved 1103872K
  class space    used 7843K, capacity 8288K, committed 8320K, reserved 1048576K
GC Heap History (10 events):
Event: 15.106 GC heap before
{Heap before GC invocations=19 (full 2):
 PSYoungGen      total 225280K, used 225271K [0x00000007b0000000, 0x00000007c0000000, 0x00000007c0000000)
  eden space 200704K, 100% used [0x00000007b0000000,0x00000007bc400000,0x00000007bc400000)
  from space 24576K, 99% used [0x00000007be800000,0x00000007bfffdf68,0x00000007c0000000)
  to   space 30720K, 0% used [0x00000007bc400000,0x00000007bc400000,0x00000007be200000)
 ParOldGen       total 524288K, used 49680K [0x0000000790000000, 0x00000007b0000000, 0x00000007b0000000)
  object space 524288K, 9% used [0x0000000790000000,0x0000000793084080,0x00000007b0000000)
 Metaspace       used 54832K, capacity 55842K, committed 56152K, reserved 1097728K
  class space    used 6914K, capacity 7184K, committed 7296K, reserved 1048576K
Event: 15.136 GC heap after
Heap after GC invocations=19 (full 2):
 PSYoungGen      total 220672K, used 19874K [0x00000007b0000000, 0x00000007c0000000, 0x00000007c0000000)
  eden space 200704K, 0% used [0x00000007b0000000,0x00000007b0000000,0x00000007bc400000)
  from space 19968K, 99% used [0x00000007bc400000,0x00000007bd7688b0,0x00000007bd780000)
  to   space 31232K, 0% used [0x00000007be180000,0x00000007be180000,0x00000007c0000000)
 ParOldGen       total 524288K, used 60311K [0x0000000790000000, 0x00000007b0000000, 0x00000007b0000000)
  object space 524288K, 11% used [0x0000000790000000,0x0000000793ae5fc0,0x00000007b0000000)
 Metaspace       used 54832K, capacity 55842K, committed 56152K, reserved 1097728K
  class space    used 6914K, capacity 7184K, committed 7296K, reserved 1048576K
}
Event: 20.072 GC heap before
{Heap before GC invocations=20 (full 2):
 PSYoungGen      total 220672K, used 162258K [0x00000007b0000000, 0x00000007c0000000, 0x00000007c0000000)
  eden space 200704K, 70% used [0x00000007b0000000,0x00000007b8b0c2b8,0x00000007bc400000)
  from space 19968K, 99% used [0x00000007bc400000,0x00000007bd7688b0,0x00000007bd780000)
  to   space 31232K, 0% used [0x00000007be180000,0x00000007be180000,0x00000007c0000000)
 ParOldGen       total 524288K, used 60311K [0x0000000790000000, 0x00000007b0000000, 0x00000007b0000000)
  object space 524288K, 11% used [0x0000000790000000,0x0000000793ae5fc0,0x00000007b0000000)
 Metaspace       used 57770K, capacity 58912K, committed 59028K, reserved 1101824K
  class space    used 7320K, capacity 7674K, committed 7680K, reserved 1048576K
Event: 20.097 GC heap after
Heap after GC invocations=20 (full 2):
 PSYoungGen      total 229888K, used 22177K [0x00000007b0000000, 0x00000007c0000000, 0x00000007c0000000)
  eden space 198656K, 0% used [0x00000007b0000000,0x00000007b0000000,0x00000007bc200000)
  from space 31232K, 71% used [0x00000007be180000,0x00000007bf728590,0x00000007c0000000)
  to   space 31744K, 0% used [0x00000007bc200000,0x00000007bc200000,0x00000007be100000)
 ParOldGen       total 524288K, used 60319K [0x0000000790000000, 0x00000007b0000000, 0x00000007b0000000)
  object space 524288K, 11% used [0x0000000790000000,0x0000000793ae7fc0,0x00000007b0000000)
 Metaspace       used 57770K, capacity 58912K, committed 59028K, reserved 1101824K
  class space    used 7320K, capacity 7674K, committed 7680K, reserved 1048576K
}
Event: 20.097 GC heap before
{Heap before GC invocations=21 (full 3):
 PSYoungGen      total 229888K, used 22177K [0x00000007b0000000, 0x00000007c0000000, 0x00000007c0000000)
  eden space 198656K, 0% used [0x00000007b0000000,0x00000007b0000000,0x00000007bc200000)
  from space 31232K, 71% used [0x00000007be180000,0x00000007bf728590,0x00000007c0000000)
  to   space 31744K, 0% used [0x00000007bc200000,0x00000007bc200000,0x00000007be100000)
 ParOldGen       total 524288K, used 60319K [0x0000000790000000, 0x00000007b0000000, 0x00000007b0000000)
  object space 524288K, 11% used [0x0000000790000000,0x0000000793ae7fc0,0x00000007b0000000)
 Metaspace       used 57770K, capacity 58912K, committed 59028K, reserved 1101824K
  class space    used 7320K, capacity 7674K, committed 7680K, reserved 1048576K
Event: 20.502 GC heap after
Heap after GC invocations=21 (full 3):
 PSYoungGen      total 229888K, used 0K [0x00000007b0000000, 0x00000007c0000000, 0x00000007c0000000)
  eden space 198656K, 0% used [0x00000007b0000000,0x00000007b0000000,0x00000007bc200000)
  from space 31232K, 0% used [0x00000007be180000,0x00000007be180000,0x00000007c0000000)
  to   space 31744K, 0% used [0x00000007bc200000,0x00000007bc200000,0x00000007be100000)
 ParOldGen       total 524288K, used 75118K [0x0000000790000000, 0x00000007b0000000, 0x00000007b0000000)
  object space 524288K, 14% used [0x0000000790000000,0x000000079495b9e8,0x00000007b0000000)
 Metaspace       used 57770K, capacity 58912K, committed 59028K, reserved 1101824K
  class space    used 7320K, capacity 7674K, committed 7680K, reserved 1048576K
}
Event: 20.998 GC heap before
{Heap before GC invocations=22 (full 3):
 PSYoungGen      total 229888K, used 198656K [0x00000007b0000000, 0x00000007c0000000, 0x00000007c0000000)
  eden space 198656K, 100% used [0x00000007b0000000,0x00000007bc200000,0x00000007bc200000)
  from space 31232K, 0% used [0x00000007be180000,0x00000007be180000,0x00000007c0000000)
  to   space 31744K, 0% used [0x00000007bc200000,0x00000007bc200000,0x00000007be100000)
 ParOldGen       total 524288K, used 75118K [0x0000000790000000, 0x00000007b0000000, 0x00000007b0000000)
  object space 524288K, 14% used [0x0000000790000000,0x000000079495b9e8,0x00000007b0000000)
 Metaspace       used 59025K, capacity 60246K, committed 60564K, reserved 1101824K
  class space    used 7487K, capacity 7868K, committed 7936K, reserved 1048576K
Event: 21.004 GC heap after
Heap after GC invocations=22 (full 3):
 PSYoungGen      total 202752K, used 3679K [0x00000007b0000000, 0x00000007c0000000, 0x00000007c0000000)
  eden space 198656K, 0% used [0x00000007b0000000,0x00000007b0000000,0x00000007bc200000)
  from space 4096K, 89% used [0x00000007bc200000,0x00000007bc597c98,0x00000007bc600000)
  to   space 32256K, 0% used [0x00000007be080000,0x00000007be080000,0x00000007c0000000)
 ParOldGen       total 524288K, used 75126K [0x0000000790000000, 0x00000007b0000000, 0x00000007b0000000)
  object space 524288K, 14% used [0x0000000790000000,0x000000079495d9e8,0x00000007b0000000)
 Metaspace       used 59025K, capacity 60246K, committed 60564K, reserved 1101824K
  class space    used 7487K, capacity 7868K, committed 7936K, reserved 1048576K
}
Event: 34.234 GC heap before
{Heap before GC invocations=23 (full 3):
 PSYoungGen      total 202752K, used 202335K [0x00000007b0000000, 0x00000007c0000000, 0x00000007c0000000)
  eden space 198656K, 100% used [0x00000007b0000000,0x00000007bc200000,0x00000007bc200000)
  from space 4096K, 89% used [0x00000007bc200000,0x00000007bc597c98,0x00000007bc600000)
  to   space 32256K, 0% used [0x00000007be080000,0x00000007be080000,0x00000007c0000000)
 ParOldGen       total 524288K, used 75126K [0x0000000790000000, 0x00000007b0000000, 0x00000007b0000000)
  object space 524288K, 14% used [0x0000000790000000,0x000000079495d9e8,0x00000007b0000000)
 Metaspace       used 60208K, capacity 61486K, committed 61656K, reserved 1103872K
  class space    used 7691K, capacity 8072K, committed 8192K, reserved 1048576K
Event: 34.248 GC heap after
Heap after GC invocations=23 (full 3):
 PSYoungGen      total 229888K, used 5794K [0x00000007b0000000, 0x00000007c0000000, 0x00000007c0000000)
  eden space 197632K, 0% used [0x00000007b0000000,0x00000007b0000000,0x00000007bc100000)
  from space 32256K, 17% used [0x00000007be080000,0x00000007be628b08,0x00000007c0000000)
  to   space 32256K, 0% used [0x00000007bc100000,0x00000007bc100000,0x00000007be080000)
 ParOldGen       total 524288K, used 75134K [0x0000000790000000, 0x00000007b0000000, 0x00000007b0000000)
  object space 524288K, 14% used [0x0000000790000000,0x000000079495f9e8,0x00000007b0000000)
 Metaspace       used 60208K, capacity 61486K, committed 61656K, reserved 1103872K
  class space    used 7691K, capacity 8072K, committed 8192K, reserved 1048576K
}

